[01:07:36 16-12-2022]: Сервер начал свою работу
[01:07:40 16-12-2022]: Сообщение: hi - получено на сервер от 57699
[01:07:40 16-12-2022]: Сообщение: hi - отправлено всем пользователям
[01:07:42 16-12-2022]: Сообщение: hello - получено на сервер от 57699
[01:07:42 16-12-2022]: Сообщение: hello - отправлено всем пользователям
[01:07:49 16-12-2022]: Установлено имя Piccca для клиента 57699
[01:07:51 16-12-2022]: Сообщение: gi - получено на сервер от 57699, имя: Piccca
[01:07:51 16-12-2022]: Сообщение: gi - отправлено всем пользователям
[01:07:52 16-12-2022]: Сообщение: sdfasd - получено на сервер от 57699, имя: Piccca
[01:07:52 16-12-2022]: Сообщение: sdfasd - отправлено всем пользователям
[01:07:56 16-12-2022]: Клиент покинул чат - имя: Piccca, порт: 57699
[01:09:56 16-12-2022]: Сервер начал свою работу
[01:10:01 16-12-2022]: Сообщение: hi - получено на сервер от 57707
[01:10:01 16-12-2022]: Сообщение: hi - отправлено всем пользователям
[01:10:02 16-12-2022]: Сообщение: hello - получено на сервер от 57707
[01:10:02 16-12-2022]: Сообщение: hello - отправлено всем пользователям
[01:10:08 16-12-2022]: Сообщение: hey - получено на сервер от 57711
[01:10:08 16-12-2022]: Сообщение: hey - отправлено всем пользователям
[01:10:18 16-12-2022]: Установлено имя Pucca для клиента 57711
[01:10:20 16-12-2022]: Сообщение: hello - получено на сервер от 57711, имя: Pucca
[01:10:20 16-12-2022]: Сообщение: hello - отправлено всем пользователям
[01:10:31 16-12-2022]: Установлено имя HAHA для клиента 57707
[01:10:34 16-12-2022]: Сообщение: Privet - получено на сервер от 57707, имя: HAHA
[01:10:34 16-12-2022]: Сообщение: Privet - отправлено всем пользователям
[01:10:39 16-12-2022]: Клиент покинул чат - имя: Pucca, порт: 57711
[01:11:55 16-12-2022]: Сервер начал свою работу
[01:12:02 16-12-2022]: Сообщение: hi - получено на сервер от 57719
[01:12:02 16-12-2022]: Сообщение: hi - отправлено всем пользователям
[01:12:07 16-12-2022]: Установлено имя Pucca для клиента 57719
[01:12:11 16-12-2022]: Сообщение: Hello - получено на сервер от 57719, имя: Pucca
[01:12:11 16-12-2022]: Сообщение: Hello - отправлено всем пользователям
[01:12:14 16-12-2022]: Клиент покинул чат - имя: Pucca, порт: 57719
[01:13:49 16-12-2022]: Сервер начал свою работу
[01:13:56 16-12-2022]: Сообщение: hi - получено на сервер от 57726
[01:13:56 16-12-2022]: Сообщение: hi - отправлено всем пользователям
[01:13:58 16-12-2022]: Сообщение: Hello - получено на сервер от 57726
[01:13:58 16-12-2022]: Сообщение: Hello - отправлено всем пользователям
[01:14:00 16-12-2022]: Клиент покинул чат - имя: null, порт: 57726
[01:15:08 16-12-2022]: Сервер начал свою работу
[01:15:29 16-12-2022]: Сервер начал свою работу
[01:15:36 16-12-2022]: Клиент покинул чат - имя: null, порт: 57749
[01:16:48 16-12-2022]: Сервер начал свою работу
[01:16:54 16-12-2022]: Клиент покинул чат - имя: null, порт: 57760
